<?xml version="1.0" encoding="UTF-8"?>
<!-- Generated by org.testng.reporters.JUnitReportReporter -->
<testsuite hostname="DESKTOP-KK9HO9Q" failures="0" tests="1" name="TestNG.Entrata1" time="98.879" errors="0" timestamp="2024-09-18T20:30:54 IST" skipped="0">
  <testcase classname="TestNG.Entrata1" name="navigationWindow" time="98.879"/>
  <system-out/>
</testsuite> <!-- TestNG.Entrata1 -->
