<?xml version="1.0" encoding="UTF-8"?>
<!-- Generated by org.testng.reporters.JUnitReportReporter -->
<testsuite hostname="DESKTOP-KK9HO9Q" failures="0" tests="3" name="TestNG.TestNGClass" time="0.021" errors="0" timestamp="2024-08-21T18:47:19 IST" skipped="0">
  <testcase classname="TestNG.TestNGClass" name="openapp" time="0.018"/>
  <system-out/>
  <testcase classname="TestNG.TestNGClass" name="login" time="0.002"/>
  <system-out/>
  <testcase classname="TestNG.TestNGClass" name="logout" time="0.001"/>
  <system-out/>
</testsuite> <!-- TestNG.TestNGClass -->
